[2025-05-23 00:47:56,819: INFO: main: Welcome to custom log]
[2025-07-06 23:28:18,390: INFO: main: >>>>> stage Data Ingestion Stage started <<<<<]
[2025-07-06 23:28:18,392: INFO: common: yaml file: config/config.yaml loaded successfully]
[2025-07-06 23:28:18,392: INFO: common: yaml file: params.yaml loaded successfully]
[2025-07-06 23:28:18,393: INFO: common: created directory at: artifacts]
[2025-07-06 23:28:18,393: INFO: common: created directory at: artifacts/data_ingestion]
[2025-07-06 23:28:18,393: INFO: data_ingestion: Downloading data from https://drive.google.com/file/d/1vlhZ5c7abUKF8xXERIw6m9Te8fW7ohw3/view?usp=drive_link into file artifacts/data_ingestion/data.zip]
[2025-07-06 23:28:47,027: INFO: data_ingestion: Downloaded data from https://drive.google.com/file/d/1vlhZ5c7abUKF8xXERIw6m9Te8fW7ohw3/view?usp=drive_link into file artifacts/data_ingestion/data.zip]
[2025-07-06 23:28:47,797: INFO: main: >>>>> stage Data Ingestion Stage completed <<<<<
------------]
[2025-07-07 01:41:58,773: INFO: common: yaml file: config/config.yaml loaded successfully]
[2025-07-07 01:41:58,823: INFO: common: yaml file: params.yaml loaded successfully]
[2025-07-07 01:41:58,828: INFO: common: created directory at: artifacts/prepare_base_model]
[2025-07-07 01:42:15,352: WARNING: saving_api: You are saving your model as an HDF5 file via `model.save()` or `keras.saving.save_model(model)`. This file format is considered legacy. We recommend using instead the native Keras format, e.g. `model.save('my_model.keras')` or `keras.saving.save_model(model, 'my_model.keras')`. ]
[2025-07-07 01:57:46,449: INFO: common: yaml file: config/config.yaml loaded successfully]
[2025-07-07 01:57:46,460: INFO: common: yaml file: params.yaml loaded successfully]
[2025-07-07 01:57:46,466: INFO: common: created directory at: artifacts/prepare_base_model]
[2025-07-07 01:57:46,927: WARNING: saving_api: You are saving your model as an HDF5 file via `model.save()` or `keras.saving.save_model(model)`. This file format is considered legacy. We recommend using instead the native Keras format, e.g. `model.save('my_model.keras')` or `keras.saving.save_model(model, 'my_model.keras')`. ]
[2025-07-07 01:57:47,145: WARNING: saving_api: You are saving your model as an HDF5 file via `model.save()` or `keras.saving.save_model(model)`. This file format is considered legacy. We recommend using instead the native Keras format, e.g. `model.save('my_model.keras')` or `keras.saving.save_model(model, 'my_model.keras')`. ]
[2025-07-07 02:27:43,475: INFO: main: >>>>> stage Data Ingestion Stage started <<<<<]
[2025-07-07 02:27:43,480: INFO: common: yaml file: config/config.yaml loaded successfully]
[2025-07-07 02:27:43,482: INFO: common: yaml file: params.yaml loaded successfully]
[2025-07-07 02:27:43,486: INFO: common: created directory at: artifacts]
[2025-07-07 02:27:43,488: INFO: common: created directory at: artifacts/data_ingestion]
[2025-07-07 02:27:43,488: INFO: data_ingestion: Downloading data from https://drive.google.com/file/d/1vlhZ5c7abUKF8xXERIw6m9Te8fW7ohw3/view?usp=drive_link into file artifacts/data_ingestion/data.zip]
[2025-07-07 02:28:11,920: INFO: data_ingestion: Downloaded data from https://drive.google.com/file/d/1vlhZ5c7abUKF8xXERIw6m9Te8fW7ohw3/view?usp=drive_link into file artifacts/data_ingestion/data.zip]
[2025-07-07 02:28:12,427: INFO: main: >>>>> stage Data Ingestion Stage completed <<<<<
------------]
[2025-07-07 02:28:12,427: INFO: main: **********************************]
[2025-07-07 02:28:12,427: INFO: main: >>>>> stage Prepare Base Model Stage started <<<<<]
[2025-07-07 02:28:12,429: INFO: common: yaml file: config/config.yaml loaded successfully]
[2025-07-07 02:28:12,431: INFO: common: yaml file: params.yaml loaded successfully]
[2025-07-07 02:28:12,431: INFO: common: created directory at: artifacts]
[2025-07-07 02:28:12,431: INFO: common: created directory at: artifacts/prepare_base_model]
[2025-07-07 02:28:15,892: WARNING: saving_api: You are saving your model as an HDF5 file via `model.save()` or `keras.saving.save_model(model)`. This file format is considered legacy. We recommend using instead the native Keras format, e.g. `model.save('my_model.keras')` or `keras.saving.save_model(model, 'my_model.keras')`. ]
[2025-07-07 02:28:16,099: WARNING: saving_api: You are saving your model as an HDF5 file via `model.save()` or `keras.saving.save_model(model)`. This file format is considered legacy. We recommend using instead the native Keras format, e.g. `model.save('my_model.keras')` or `keras.saving.save_model(model, 'my_model.keras')`. ]
[2025-07-07 02:28:16,502: INFO: main: >>>>> stage Prepare Base Model Stage completed <<<<<
------------]
[2025-07-07 19:41:43,338: INFO: common: yaml file: config/config.yaml loaded successfully]
[2025-07-07 19:41:43,355: INFO: common: yaml file: params.yaml loaded successfully]
[2025-07-07 19:41:43,359: INFO: common: created directory at: artifacts]
[2025-07-07 19:41:43,362: INFO: common: created directory at: artifacts/training]
[2025-07-07 19:47:38,555: INFO: common: yaml file: config/config.yaml loaded successfully]
[2025-07-07 19:47:38,559: INFO: common: yaml file: params.yaml loaded successfully]
[2025-07-07 19:47:38,561: INFO: common: created directory at: artifacts]
[2025-07-07 19:47:38,564: INFO: common: created directory at: artifacts/training]
[2025-07-07 19:48:49,762: INFO: common: yaml file: config/config.yaml loaded successfully]
[2025-07-07 19:48:49,771: INFO: common: yaml file: params.yaml loaded successfully]
[2025-07-07 19:48:49,776: INFO: common: created directory at: artifacts]
[2025-07-07 19:48:49,779: INFO: common: created directory at: artifacts/training]
[2025-07-07 19:48:50,908: WARNING: saving_utils: Compiled the loaded model, but the compiled metrics have yet to be built. `model.compile_metrics` will be empty until you train or evaluate the model.]
[2025-07-07 19:49:45,496: INFO: common: yaml file: config/config.yaml loaded successfully]
[2025-07-07 19:49:45,501: INFO: common: yaml file: params.yaml loaded successfully]
[2025-07-07 19:49:45,505: INFO: common: created directory at: artifacts]
[2025-07-07 19:49:45,507: INFO: common: created directory at: artifacts/training]
[2025-07-07 19:49:45,920: WARNING: saving_utils: Compiled the loaded model, but the compiled metrics have yet to be built. `model.compile_metrics` will be empty until you train or evaluate the model.]
[2025-07-07 22:34:44,004: INFO: common: yaml file: config/config.yaml loaded successfully]
[2025-07-07 22:34:44,011: INFO: common: yaml file: params.yaml loaded successfully]
[2025-07-07 22:34:44,014: INFO: common: created directory at: artifacts]
[2025-07-07 22:34:44,017: INFO: common: created directory at: artifacts/training]
[2025-07-07 22:34:44,591: WARNING: saving_utils: Compiled the loaded model, but the compiled metrics have yet to be built. `model.compile_metrics` will be empty until you train or evaluate the model.]
[2025-07-07 23:31:21,851: INFO: common: yaml file: config/config.yaml loaded successfully]
[2025-07-07 23:31:21,857: INFO: common: yaml file: params.yaml loaded successfully]
[2025-07-07 23:31:21,860: INFO: common: created directory at: artifacts]
[2025-07-07 23:31:21,862: INFO: common: created directory at: artifacts/training]
[2025-07-07 23:31:22,502: WARNING: saving_utils: Compiled the loaded model, but the compiled metrics have yet to be built. `model.compile_metrics` will be empty until you train or evaluate the model.]
[2025-07-08 01:22:13,745: INFO: common: yaml file: config/config.yaml loaded successfully]
[2025-07-08 01:22:13,750: INFO: common: yaml file: params.yaml loaded successfully]
[2025-07-08 01:22:13,751: INFO: common: created directory at: artifacts]
[2025-07-08 01:22:13,754: INFO: common: created directory at: artifacts/training]
[2025-07-08 01:22:14,114: WARNING: saving_utils: Compiled the loaded model, but the compiled metrics have yet to be built. `model.compile_metrics` will be empty until you train or evaluate the model.]
[2025-07-08 13:20:53,583: INFO: common: yaml file: config/config.yaml loaded successfully]
[2025-07-08 13:20:53,588: INFO: common: yaml file: params.yaml loaded successfully]
[2025-07-08 13:20:53,589: INFO: common: created directory at: artifacts]
[2025-07-08 13:20:53,591: INFO: common: created directory at: artifacts/training]
[2025-07-08 13:20:54,290: WARNING: saving_utils: Compiled the loaded model, but the compiled metrics have yet to be built. `model.compile_metrics` will be empty until you train or evaluate the model.]
[2025-07-08 13:26:19,535: INFO: common: yaml file: config/config.yaml loaded successfully]
[2025-07-08 13:26:19,540: INFO: common: yaml file: params.yaml loaded successfully]
[2025-07-08 13:26:19,541: INFO: common: created directory at: artifacts]
[2025-07-08 13:26:19,543: INFO: common: created directory at: artifacts/training]
[2025-07-08 13:26:19,914: WARNING: saving_utils: Compiled the loaded model, but the compiled metrics have yet to be built. `model.compile_metrics` will be empty until you train or evaluate the model.]
[2025-07-08 13:49:45,294: INFO: common: yaml file: config/config.yaml loaded successfully]
[2025-07-08 13:49:45,298: INFO: common: yaml file: params.yaml loaded successfully]
[2025-07-08 13:49:45,300: INFO: common: created directory at: artifacts]
[2025-07-08 13:49:45,302: INFO: common: created directory at: artifacts/training]
[2025-07-08 13:49:45,741: WARNING: saving_utils: Compiled the loaded model, but the compiled metrics have yet to be built. `model.compile_metrics` will be empty until you train or evaluate the model.]
[2025-07-08 19:57:18,209: INFO: common: yaml file: config/config.yaml loaded successfully]
[2025-07-08 19:57:18,213: INFO: common: yaml file: params.yaml loaded successfully]
[2025-07-08 19:57:18,215: INFO: common: created directory at: artifacts]
[2025-07-08 19:57:18,216: INFO: common: created directory at: artifacts/training]
[2025-07-08 19:57:18,761: WARNING: saving_utils: Compiled the loaded model, but the compiled metrics have yet to be built. `model.compile_metrics` will be empty until you train or evaluate the model.]
[2025-07-08 20:10:07,129: INFO: common: yaml file: config/config.yaml loaded successfully]
[2025-07-08 20:10:07,133: INFO: common: yaml file: params.yaml loaded successfully]
[2025-07-08 20:10:07,136: INFO: common: created directory at: artifacts]
[2025-07-08 20:10:07,138: INFO: common: created directory at: artifacts/training]
[2025-07-08 20:10:07,590: WARNING: saving_utils: Compiled the loaded model, but the compiled metrics have yet to be built. `model.compile_metrics` will be empty until you train or evaluate the model.]
[2025-07-08 20:21:47,383: INFO: common: yaml file: config/config.yaml loaded successfully]
[2025-07-08 20:21:47,389: INFO: common: yaml file: params.yaml loaded successfully]
[2025-07-08 20:21:47,391: INFO: common: created directory at: artifacts]
[2025-07-08 20:21:47,393: INFO: common: created directory at: artifacts/training]
[2025-07-08 20:21:48,038: WARNING: saving_utils: Compiled the loaded model, but the compiled metrics have yet to be built. `model.compile_metrics` will be empty until you train or evaluate the model.]
[2025-07-09 11:10:54,026: INFO: common: yaml file: config/config.yaml loaded successfully]
[2025-07-09 11:10:54,032: INFO: common: yaml file: params.yaml loaded successfully]
[2025-07-09 11:10:54,033: INFO: common: created directory at: artifacts]
[2025-07-09 11:10:54,035: INFO: common: created directory at: artifacts/training]
[2025-07-09 11:10:54,608: WARNING: saving_utils: Compiled the loaded model, but the compiled metrics have yet to be built. `model.compile_metrics` will be empty until you train or evaluate the model.]
[2025-07-09 11:32:11,683: INFO: common: yaml file: config/config.yaml loaded successfully]
[2025-07-09 11:32:11,688: INFO: common: yaml file: params.yaml loaded successfully]
[2025-07-09 11:32:11,690: INFO: common: created directory at: artifacts]
[2025-07-09 11:32:11,692: INFO: common: created directory at: artifacts/training]
[2025-07-09 11:32:12,109: WARNING: saving_utils: Compiled the loaded model, but the compiled metrics have yet to be built. `model.compile_metrics` will be empty until you train or evaluate the model.]
[2025-07-09 11:33:48,989: INFO: common: yaml file: config/config.yaml loaded successfully]
[2025-07-09 11:33:48,993: INFO: common: yaml file: params.yaml loaded successfully]
[2025-07-09 11:33:48,994: INFO: common: created directory at: artifacts]
[2025-07-09 11:33:48,995: INFO: common: created directory at: artifacts/training]
[2025-07-09 11:33:49,345: WARNING: saving_utils: Compiled the loaded model, but the compiled metrics have yet to be built. `model.compile_metrics` will be empty until you train or evaluate the model.]
[2025-07-09 12:13:07,487: INFO: common: yaml file: config/config.yaml loaded successfully]
[2025-07-09 12:13:07,493: INFO: common: yaml file: params.yaml loaded successfully]
[2025-07-09 12:13:07,498: INFO: common: created directory at: artifacts]
[2025-07-09 12:13:07,500: INFO: common: created directory at: artifacts/training]
[2025-07-09 12:13:07,878: WARNING: saving_utils: Compiled the loaded model, but the compiled metrics have yet to be built. `model.compile_metrics` will be empty until you train or evaluate the model.]
[2025-07-09 12:14:52,903: INFO: common: yaml file: config/config.yaml loaded successfully]
[2025-07-09 12:14:52,908: INFO: common: yaml file: params.yaml loaded successfully]
[2025-07-09 12:14:52,910: INFO: common: created directory at: artifacts]
[2025-07-09 12:14:52,911: INFO: common: created directory at: artifacts/training]
[2025-07-09 12:14:53,375: WARNING: saving_utils: Compiled the loaded model, but the compiled metrics have yet to be built. `model.compile_metrics` will be empty until you train or evaluate the model.]
[2025-07-09 12:33:36,864: INFO: common: yaml file: config/config.yaml loaded successfully]
[2025-07-09 12:33:36,872: INFO: common: yaml file: params.yaml loaded successfully]
[2025-07-09 12:33:36,875: INFO: common: created directory at: artifacts]
[2025-07-09 12:33:36,878: INFO: common: created directory at: artifacts/training]
[2025-07-09 12:33:37,480: WARNING: saving_utils: Compiled the loaded model, but the compiled metrics have yet to be built. `model.compile_metrics` will be empty until you train or evaluate the model.]
[2025-07-09 12:37:14,473: INFO: common: yaml file: config/config.yaml loaded successfully]
[2025-07-09 12:37:14,477: INFO: common: yaml file: params.yaml loaded successfully]
[2025-07-09 12:37:14,480: INFO: common: created directory at: artifacts]
[2025-07-09 12:37:14,482: INFO: common: created directory at: artifacts/training]
[2025-07-09 12:37:14,788: WARNING: saving_utils: Compiled the loaded model, but the compiled metrics have yet to be built. `model.compile_metrics` will be empty until you train or evaluate the model.]
[2025-07-09 12:50:08,300: INFO: common: yaml file: config/config.yaml loaded successfully]
[2025-07-09 12:50:08,306: INFO: common: yaml file: params.yaml loaded successfully]
[2025-07-09 12:50:08,308: INFO: common: created directory at: artifacts]
[2025-07-09 12:50:08,309: INFO: common: created directory at: artifacts/training]
[2025-07-09 12:52:35,202: WARNING: saving_api: You are saving your model as an HDF5 file via `model.save()` or `keras.saving.save_model(model)`. This file format is considered legacy. We recommend using instead the native Keras format, e.g. `model.save('my_model.keras')` or `keras.saving.save_model(model, 'my_model.keras')`. ]
[2025-07-09 18:09:39,217: INFO: main: >>>>> stage Data Ingestion Stage started <<<<<]
[2025-07-09 18:09:39,221: INFO: common: yaml file: config/config.yaml loaded successfully]
[2025-07-09 18:09:39,223: INFO: common: yaml file: params.yaml loaded successfully]
[2025-07-09 18:09:39,224: INFO: common: created directory at: artifacts]
[2025-07-09 18:09:39,224: INFO: common: created directory at: artifacts/data_ingestion]
[2025-07-09 18:09:39,224: INFO: data_ingestion: Downloading data from https://drive.google.com/file/d/1vlhZ5c7abUKF8xXERIw6m9Te8fW7ohw3/view?usp=drive_link into file artifacts/data_ingestion/data.zip]
[2025-07-09 18:10:27,709: INFO: data_ingestion: Downloaded data from https://drive.google.com/file/d/1vlhZ5c7abUKF8xXERIw6m9Te8fW7ohw3/view?usp=drive_link into file artifacts/data_ingestion/data.zip]
[2025-07-09 18:10:28,238: INFO: main: >>>>> stage Data Ingestion Stage completed <<<<<
------------]
[2025-07-09 18:10:28,238: INFO: main: **********************************]
[2025-07-09 18:10:28,238: INFO: main: >>>>> stage Prepare Base Model Stage started <<<<<]
[2025-07-09 18:10:28,240: INFO: common: yaml file: config/config.yaml loaded successfully]
[2025-07-09 18:10:28,241: INFO: common: yaml file: params.yaml loaded successfully]
[2025-07-09 18:10:28,241: INFO: common: created directory at: artifacts]
[2025-07-09 18:10:28,241: INFO: common: created directory at: artifacts/prepare_base_model]
[2025-07-09 18:10:29,196: WARNING: saving_api: You are saving your model as an HDF5 file via `model.save()` or `keras.saving.save_model(model)`. This file format is considered legacy. We recommend using instead the native Keras format, e.g. `model.save('my_model.keras')` or `keras.saving.save_model(model, 'my_model.keras')`. ]
[2025-07-09 18:10:29,372: WARNING: saving_api: You are saving your model as an HDF5 file via `model.save()` or `keras.saving.save_model(model)`. This file format is considered legacy. We recommend using instead the native Keras format, e.g. `model.save('my_model.keras')` or `keras.saving.save_model(model, 'my_model.keras')`. ]
[2025-07-09 18:10:29,514: INFO: main: >>>>> stage Prepare Base Model Stage completed <<<<<
------------]
[2025-07-09 18:10:29,514: INFO: main: **********************************]
[2025-07-09 18:10:29,515: INFO: main: >>>>> stage Model Training Stage started <<<<<]
[2025-07-09 18:10:29,517: INFO: common: yaml file: config/config.yaml loaded successfully]
[2025-07-09 18:10:29,518: INFO: common: yaml file: params.yaml loaded successfully]
[2025-07-09 18:10:29,519: INFO: common: created directory at: artifacts]
[2025-07-09 18:10:29,519: INFO: common: created directory at: artifacts/training]
[2025-07-09 18:10:29,520: ERROR: main: TrainingConfig.__init__() got an unexpected keyword argument 'params_learning_rate']
Traceback (most recent call last):
  File "/home/swapnil-nagar/Documents/ML Projects/Kidney-Disease-Classifier/main.py", line 36, in <module>
    obj.main()
  File "/home/swapnil-nagar/Documents/ML Projects/Kidney-Disease-Classifier/src/CNN_Classifier/pipeline/model_training_stage3.py", line 14, in main
    training_config = config.get_training_config()
                      ^^^^^^^^^^^^^^^^^^^^^^^^^^^^
  File "/home/swapnil-nagar/Documents/ML Projects/Kidney-Disease-Classifier/src/CNN_Classifier/config/configuration.py", line 57, in get_training_config
    training_config = TrainingConfig(
                      ^^^^^^^^^^^^^^^
TypeError: TrainingConfig.__init__() got an unexpected keyword argument 'params_learning_rate'
[2025-07-09 18:26:55,152: INFO: main: >>>>> stage Data Ingestion Stage started <<<<<]
[2025-07-09 18:26:55,154: INFO: common: yaml file: config/config.yaml loaded successfully]
[2025-07-09 18:26:55,156: INFO: common: yaml file: params.yaml loaded successfully]
[2025-07-09 18:26:55,156: INFO: common: created directory at: artifacts]
[2025-07-09 18:26:55,156: INFO: common: created directory at: artifacts/data_ingestion]
[2025-07-09 18:26:55,156: INFO: data_ingestion: Downloading data from https://drive.google.com/file/d/1vlhZ5c7abUKF8xXERIw6m9Te8fW7ohw3/view?usp=drive_link into file artifacts/data_ingestion/data.zip]
[2025-07-09 18:27:25,244: INFO: data_ingestion: Downloaded data from https://drive.google.com/file/d/1vlhZ5c7abUKF8xXERIw6m9Te8fW7ohw3/view?usp=drive_link into file artifacts/data_ingestion/data.zip]
[2025-07-09 18:27:25,994: INFO: main: >>>>> stage Data Ingestion Stage completed <<<<<
------------]
[2025-07-09 18:27:25,996: INFO: main: **********************************]
[2025-07-09 18:27:25,996: INFO: main: >>>>> stage Prepare Base Model Stage started <<<<<]
[2025-07-09 18:27:26,001: INFO: common: yaml file: config/config.yaml loaded successfully]
[2025-07-09 18:27:26,003: INFO: common: yaml file: params.yaml loaded successfully]
[2025-07-09 18:27:26,004: INFO: common: created directory at: artifacts]
[2025-07-09 18:27:26,004: INFO: common: created directory at: artifacts/prepare_base_model]
[2025-07-09 18:27:26,736: WARNING: saving_api: You are saving your model as an HDF5 file via `model.save()` or `keras.saving.save_model(model)`. This file format is considered legacy. We recommend using instead the native Keras format, e.g. `model.save('my_model.keras')` or `keras.saving.save_model(model, 'my_model.keras')`. ]
[2025-07-09 18:27:26,968: WARNING: saving_api: You are saving your model as an HDF5 file via `model.save()` or `keras.saving.save_model(model)`. This file format is considered legacy. We recommend using instead the native Keras format, e.g. `model.save('my_model.keras')` or `keras.saving.save_model(model, 'my_model.keras')`. ]
[2025-07-09 18:27:27,104: INFO: main: >>>>> stage Prepare Base Model Stage completed <<<<<
------------]
[2025-07-09 18:27:27,104: INFO: main: **********************************]
[2025-07-09 18:27:27,104: INFO: main: >>>>> stage Model Training Stage started <<<<<]
[2025-07-09 18:27:27,107: INFO: common: yaml file: config/config.yaml loaded successfully]
[2025-07-09 18:27:27,109: INFO: common: yaml file: params.yaml loaded successfully]
[2025-07-09 18:27:27,110: INFO: common: created directory at: artifacts]
[2025-07-09 18:27:27,110: INFO: common: created directory at: artifacts/training]
[2025-07-09 18:29:33,661: WARNING: saving_api: You are saving your model as an HDF5 file via `model.save()` or `keras.saving.save_model(model)`. This file format is considered legacy. We recommend using instead the native Keras format, e.g. `model.save('my_model.keras')` or `keras.saving.save_model(model, 'my_model.keras')`. ]
[2025-07-09 18:29:33,776: INFO: main: >>>>> stage Model Training Stage completed <<<<<
------------]
